20230417	19:08:36	44c1199c-2635-443b-8c0b-359fac813559	GET	/	undefined
20230417	19:08:36	361a67e7-195d-4e99-88e3-dc8409fc6e82	GET	/css/style.css	undefined
20230417	19:08:36	9f2968f2-8878-45e4-905c-7253303f8ec6	GET	/favicon.ico	undefined
20230417	19:08:53	5de3599e-d8a7-429c-8f12-9e5649afdea9	GET	/	undefined
20230417	19:08:53	2dbb430b-3fba-4684-8481-cc5c1df7a425	GET	/css/style.css	undefined
20230417	19:09:21	70407cb5-73c2-46b8-ba69-d77573e6a54a	GET	/api/v1	undefined
20230417	19:09:21	ea509ec3-9d04-451a-b3df-dcd1f980899a	GET	/api/css/style.css	undefined
20230417	19:09:37	9dca7fe5-c6b0-47c0-8b71-2f9e0353a6df	GET	/api/v1/	undefined
20230417	19:09:37	679651a6-1e97-4692-a34b-891269a7347f	GET	/api/v1/css/style.css	undefined
20230417	19:10:53	d4514d4c-041b-46be-97a5-1eeed88ce68f	GET	/api/v1/index	undefined
20230417	19:10:53	e339052b-382e-4b4f-9c33-43054ffae396	GET	/api/v1/css/style.css	undefined
20230417	19:10:58	efd17a58-14ed-4104-a4a7-61bd10f03905	GET	/api/v1/index.html	undefined
20230417	19:10:58	77dfd421-7942-4802-9565-57157d05b981	GET	/api/v1/css/style.css	undefined
20230417	19:11:11	d2212abe-fd21-4d4a-874b-7fa4fe7b806a	GET	/	undefined
20230417	19:11:11	256d3722-8326-4e4c-b65c-33cb5ee10d46	GET	/css/style.css	undefined
20230417	19:11:15	b1c95f12-013d-4aa9-b83c-c3e04041577a	GET	/	undefined
20230417	19:11:15	6b1065a6-b769-494d-8ce9-96b1e2fa82ea	GET	/css/style.css	undefined
20230417	19:11:22	ece6fbbf-300f-401a-ab74-1a80cba26285	GET	/api/	undefined
20230417	19:11:22	bd6d3535-b382-4915-8399-f20f7d6cdc38	GET	/api/css/style.css	undefined
20230417	19:11:25	ddf3fbfc-e041-4d2c-adb1-31b9ef13a2db	GET	/api/v1	undefined
20230417	19:11:25	0822df37-d9c6-4b13-9b56-49e20e61646b	GET	/api/css/style.css	undefined
20230417	19:11:28	0127abbd-567a-44ca-9444-61b5dd2d011a	GET	/api/v1/	undefined
20230417	19:11:28	6537fb79-50a2-4382-aaa0-510c01b50f73	GET	/api/v1/css/style.css	undefined
20230417	19:11:38	69cc572a-ea31-475c-9e82-8cd4f64969fc	GET	/api/v1/index.html	undefined
20230417	19:11:38	06204fb2-fb7f-4773-98d1-f8a3a786fdd1	GET	/api/v1/css/style.css	undefined
20230417	19:11:45	8d3fb164-0351-4f30-83ee-c34a22727db8	GET	/	undefined
20230417	19:11:45	e36a5bab-8f97-4d79-b471-bc2c8991e046	GET	/css/style.css	undefined
